<?xml version="1.0" encoding="UTF-8"?>
<!-- Generated by org.testng.reporters.JUnitXMLReporter -->
<testsuite hostname="DESKTOP-FP4CM1C" ignored="0" name="Command line test" tests="4" failures="0" timestamp="28 Jul 2019 13:56:27 GMT" time="0.031" errors="0">
  <testcase name="Sub" time="0.015" classname="Package_Maven.TestClass"/>
  <testcase name="Sub1" time="0.0" classname="Package_Maven.TestClass"/>
  <testcase name="Sub2" time="0.0" classname="Package_Maven.TestClass"/>
  <testcase name="add" time="0.0" classname="Package_Maven.TestClass"/>
</testsuite> <!-- Command line test -->
