<?xml version="1.0" encoding="UTF-8"?>
<testng-results skipped="0" failed="0" ignored="0" total="4" passed="4">
  <reporter-output>
  </reporter-output>
  <suite name="Package_Maven.TestClass" duration-ms="31" started-at="2019-07-28T13:56:27Z" finished-at="2019-07-28T13:56:27Z">
    <groups>
    </groups>
    <test name="Command line test" duration-ms="31" started-at="2019-07-28T13:56:27Z" finished-at="2019-07-28T13:56:27Z">
      <class name="Package_Maven.TestClass">
        <test-method status="PASS" signature="Sub()[pri:0, instance:Package_Maven.TestClass@880ec60]" name="Sub" duration-ms="15" started-at="2019-07-28T13:56:27Z" finished-at="2019-07-28T13:56:27Z">
          <reporter-output>
          </reporter-output>
        </test-method> <!-- Sub -->
        <test-method status="PASS" signature="Sub2()[pri:0, instance:Package_Maven.TestClass@880ec60]" name="Sub2" duration-ms="0" started-at="2019-07-28T13:56:27Z" finished-at="2019-07-28T13:56:27Z">
          <reporter-output>
          </reporter-output>
        </test-method> <!-- Sub2 -->
        <test-method status="PASS" signature="Sub1()[pri:0, instance:Package_Maven.TestClass@880ec60]" name="Sub1" duration-ms="0" started-at="2019-07-28T13:56:27Z" finished-at="2019-07-28T13:56:27Z">
          <reporter-output>
          </reporter-output>
        </test-method> <!-- Sub1 -->
        <test-method status="PASS" signature="add()[pri:0, instance:Package_Maven.TestClass@880ec60]" name="add" duration-ms="0" started-at="2019-07-28T13:56:27Z" finished-at="2019-07-28T13:56:27Z">
          <reporter-output>
          </reporter-output>
        </test-method> <!-- add -->
      </class> <!-- Package_Maven.TestClass -->
    </test> <!-- Command line test -->
  </suite> <!-- Package_Maven.TestClass -->
</testng-results>
