<?xml version="1.0" encoding="UTF-8"?>
<testng-results skipped="0" failed="0" ignored="0" total="2" passed="2">
  <reporter-output>
  </reporter-output>
  <suite name="Default suite" duration-ms="31" started-at="2019-07-28T13:12:58Z" finished-at="2019-07-28T13:12:58Z">
    <groups>
    </groups>
    <test name="Default test" duration-ms="31" started-at="2019-07-28T13:12:58Z" finished-at="2019-07-28T13:12:58Z">
      <class name="Package_Maven.TestClass">
        <test-method status="PASS" signature="Sub()[pri:0, instance:Package_Maven.TestClass@1b604f19]" name="Sub" duration-ms="12" started-at="2019-07-28T13:12:58Z" finished-at="2019-07-28T13:12:58Z">
          <reporter-output>
          </reporter-output>
        </test-method> <!-- Sub -->
        <test-method status="PASS" signature="add()[pri:0, instance:Package_Maven.TestClass@1b604f19]" name="add" duration-ms="1" started-at="2019-07-28T13:12:58Z" finished-at="2019-07-28T13:12:58Z">
          <reporter-output>
          </reporter-output>
        </test-method> <!-- add -->
      </class> <!-- Package_Maven.TestClass -->
    </test> <!-- Default test -->
  </suite> <!-- Default suite -->
</testng-results>
